<?xml version="1.0" encoding="UTF-8"?>
<testsuite name="com.galvanize.ClosetTest" tests="3" skipped="0" failures="0" errors="0" timestamp="2023-01-24T16:35:38" hostname="CWR" time="0.017">
  <properties/>
  <testcase name="removeFromCloset()" classname="com.galvanize.ClosetTest" time="0.014"/>
  <testcase name="checkCloset()" classname="com.galvanize.ClosetTest" time="0.0"/>
  <testcase name="addToCloset()" classname="com.galvanize.ClosetTest" time="0.001"/>
  <system-out><![CDATA[]]></system-out>
  <system-err><![CDATA[]]></system-err>
</testsuite>
